<?xml version="1.0" encoding="UTF-8"?>
<!-- Generated by org.testng.reporters.JUnitReportReporter -->
<testsuite hostname="ATMECSINLT-038" failures="0" tests="6" name="com.atmecs.ToolsninjaAutomation.testScripts.HeatClinicTestScripts" time="39.675" errors="0" timestamp="12 Nov 2019 13:26:44 GMT" skipped="0">
  <testcase classname="com.atmecs.ToolsninjaAutomation.testScripts.HeatClinicTestScripts" name="validateTitles" time="9.677"/>
  <testcase classname="com.atmecs.ToolsninjaAutomation.testScripts.HeatClinicTestScripts" name="selectGenderClothing" time="3.991"/>
  <testcase classname="com.atmecs.ToolsninjaAutomation.testScripts.HeatClinicTestScripts" name="validateMensClothing" time="0.262"/>
  <testcase classname="com.atmecs.ToolsninjaAutomation.testScripts.HeatClinicTestScripts" name="chooseShirt" time="19.620"/>
  <testcase classname="com.atmecs.ToolsninjaAutomation.testScripts.HeatClinicTestScripts" name="validateCart" time="1.922"/>
  <testcase classname="com.atmecs.ToolsninjaAutomation.testScripts.HeatClinicTestScripts" name="validateUpdatedGrandTotal" time="4.203"/>
</testsuite> <!-- com.atmecs.ToolsninjaAutomation.testScripts.HeatClinicTestScripts -->
