<?xml version="1.0" encoding="UTF-8"?>
<!-- Generated by org.testng.reporters.JUnitReportReporter -->
<testsuite hostname="ATMECSINLT-038" failures="0" tests="6" name="com.atmecs.ToolsninjaAutomation.testScripts.NinjaStoreTestScripts" time="44.391" errors="0" timestamp="12 Nov 2019 13:36:49 GMT" skipped="0">
  <testcase classname="com.atmecs.ToolsninjaAutomation.testScripts.NinjaStoreTestScripts" name="homePageRedirection" time="0.058"/>
  <testcase classname="com.atmecs.ToolsninjaAutomation.testScripts.NinjaStoreTestScripts" name="searchProductAndCheckAvailability" time="17.716"/>
  <testcase classname="com.atmecs.ToolsninjaAutomation.testScripts.NinjaStoreTestScripts" name="validateGrandTotal" time="14.640"/>
  <testcase classname="com.atmecs.ToolsninjaAutomation.testScripts.NinjaStoreTestScripts" name="checkGrandTotal" time="0.300"/>
  <testcase classname="com.atmecs.ToolsninjaAutomation.testScripts.NinjaStoreTestScripts" name="validateGrandTotalAfterRemovingItem" time="3.183"/>
  <testcase classname="com.atmecs.ToolsninjaAutomation.testScripts.NinjaStoreTestScripts" name="validateErrorMessage" time="8.494"/>
</testsuite> <!-- com.atmecs.ToolsninjaAutomation.testScripts.NinjaStoreTestScripts -->
