<?xml version="1.0" encoding="UTF-8"?>
<testsuite xmlns:xsi="http://www.w3.org/2001/XMLSchema-instance" xsi:noNamespaceSchemaLocation="https://maven.apache.org/surefire/maven-surefire-plugin/xsd/surefire-test-report-3.0.xsd" version="3.0" name="TestSuite" time="94.388" tests="12" errors="0" skipped="0" failures="2">
  <properties>
    <property name="sun.desktop" value="windows"/>
    <property name="awt.toolkit" value="sun.awt.windows.WToolkit"/>
    <property name="java.specification.version" value="12"/>
    <property name="sun.cpu.isalist" value="amd64"/>
    <property name="sun.jnu.encoding" value="Cp1252"/>
    <property name="java.class.path" value="C:\Users\saurabh.chauhan\Project-Assessment\ToolsninjaAutomation\target\test-classes;C:\Users\saurabh.chauhan\Project-Assessment\ToolsninjaAutomation\target\classes;C:\Users\saurabh.chauhan\.m2\repository\log4j\log4j\1.2.17\log4j-1.2.17.jar;C:\Users\saurabh.chauhan\.m2\repository\org\seleniumhq\selenium\selenium-java\3.141.59\selenium-java-3.141.59.jar;C:\Users\saurabh.chauhan\.m2\repository\org\seleniumhq\selenium\selenium-api\3.141.59\selenium-api-3.141.59.jar;C:\Users\saurabh.chauhan\.m2\repository\org\seleniumhq\selenium\selenium-chrome-driver\3.141.59\selenium-chrome-driver-3.141.59.jar;C:\Users\saurabh.chauhan\.m2\repository\org\seleniumhq\selenium\selenium-edge-driver\3.141.59\selenium-edge-driver-3.141.59.jar;C:\Users\saurabh.chauhan\.m2\repository\org\seleniumhq\selenium\selenium-firefox-driver\3.141.59\selenium-firefox-driver-3.141.59.jar;C:\Users\saurabh.chauhan\.m2\repository\org\seleniumhq\selenium\selenium-ie-driver\3.141.59\selenium-ie-driver-3.141.59.jar;C:\Users\saurabh.chauhan\.m2\repository\org\seleniumhq\selenium\selenium-opera-driver\3.141.59\selenium-opera-driver-3.141.59.jar;C:\Users\saurabh.chauhan\.m2\repository\org\seleniumhq\selenium\selenium-safari-driver\3.141.59\selenium-safari-driver-3.141.59.jar;C:\Users\saurabh.chauhan\.m2\repository\org\seleniumhq\selenium\selenium-support\3.141.59\selenium-support-3.141.59.jar;C:\Users\saurabh.chauhan\.m2\repository\net\bytebuddy\byte-buddy\1.8.15\byte-buddy-1.8.15.jar;C:\Users\saurabh.chauhan\.m2\repository\org\apache\commons\commons-exec\1.3\commons-exec-1.3.jar;C:\Users\saurabh.chauhan\.m2\repository\com\google\guava\guava\25.0-jre\guava-25.0-jre.jar;C:\Users\saurabh.chauhan\.m2\repository\com\google\code\findbugs\jsr305\1.3.9\jsr305-1.3.9.jar;C:\Users\saurabh.chauhan\.m2\repository\org\checkerframework\checker-compat-qual\2.0.0\checker-compat-qual-2.0.0.jar;C:\Users\saurabh.chauhan\.m2\repository\com\google\errorprone\error_prone_annotations\2.1.3\error_prone_annotations-2.1.3.jar;C:\Users\saurabh.chauhan\.m2\repository\com\google\j2objc\j2objc-annotations\1.1\j2objc-annotations-1.1.jar;C:\Users\saurabh.chauhan\.m2\repository\org\codehaus\mojo\animal-sniffer-annotations\1.14\animal-sniffer-annotations-1.14.jar;C:\Users\saurabh.chauhan\.m2\repository\com\squareup\okhttp3\okhttp\3.11.0\okhttp-3.11.0.jar;C:\Users\saurabh.chauhan\.m2\repository\com\squareup\okio\okio\1.14.0\okio-1.14.0.jar;C:\Users\saurabh.chauhan\.m2\repository\org\testng\testng\6.14.3\testng-6.14.3.jar;C:\Users\saurabh.chauhan\.m2\repository\com\beust\jcommander\1.72\jcommander-1.72.jar;C:\Users\saurabh.chauhan\.m2\repository\org\apache-extras\beanshell\bsh\2.0b6\bsh-2.0b6.jar;C:\Users\saurabh.chauhan\.m2\repository\org\apache\poi\poi-ooxml\4.1.0\poi-ooxml-4.1.0.jar;C:\Users\saurabh.chauhan\.m2\repository\org\apache\poi\poi\4.1.0\poi-4.1.0.jar;C:\Users\saurabh.chauhan\.m2\repository\commons-codec\commons-codec\1.12\commons-codec-1.12.jar;C:\Users\saurabh.chauhan\.m2\repository\org\apache\commons\commons-collections4\4.3\commons-collections4-4.3.jar;C:\Users\saurabh.chauhan\.m2\repository\org\apache\commons\commons-math3\3.6.1\commons-math3-3.6.1.jar;C:\Users\saurabh.chauhan\.m2\repository\org\apache\poi\poi-ooxml-schemas\4.1.0\poi-ooxml-schemas-4.1.0.jar;C:\Users\saurabh.chauhan\.m2\repository\org\apache\xmlbeans\xmlbeans\3.1.0\xmlbeans-3.1.0.jar;C:\Users\saurabh.chauhan\.m2\repository\org\apache\commons\commons-compress\1.18\commons-compress-1.18.jar;C:\Users\saurabh.chauhan\.m2\repository\com\github\virtuald\curvesapi\1.06\curvesapi-1.06.jar;C:\Users\saurabh.chauhan\.m2\repository\com\relevantcodes\extentreports\2.41.2\extentreports-2.41.2.jar;C:\Users\saurabh.chauhan\.m2\repository\org\jsoup\jsoup\1.8.3\jsoup-1.8.3.jar;C:\Users\saurabh.chauhan\.m2\repository\org\xerial\sqlite-jdbc\3.8.11.1\sqlite-jdbc-3.8.11.1.jar;C:\Users\saurabh.chauhan\.m2\repository\org\freemarker\freemarker\2.3.23\freemarker-2.3.23.jar;C:\Users\saurabh.chauhan\.m2\repository\org\mongodb\mongodb-driver\3.0.4\mongodb-driver-3.0.4.jar;C:\Users\saurabh.chauhan\.m2\repository\org\mongodb\bson\3.0.4\bson-3.0.4.jar;C:\Users\saurabh.chauhan\.m2\repository\org\mongodb\mongodb-driver-core\3.0.4\mongodb-driver-core-3.0.4.jar;C:\Users\saurabh.chauhan\.m2\repository\commons-io\commons-io\2.4\commons-io-2.4.jar;C:\Users\saurabh.chauhan\.m2\repository\org\seleniumhq\selenium\selenium-remote-driver\3.141.59\selenium-remote-driver-3.141.59.jar;"/>
    <property name="java.vm.vendor" value="Oracle Corporation"/>
    <property name="sun.arch.data.model" value="64"/>
    <property name="user.variant" value=""/>
    <property name="java.vendor.url" value="https://java.oracle.com/"/>
    <property name="user.timezone" value="Asia/Calcutta"/>
    <property name="os.name" value="Windows 10"/>
    <property name="java.vm.specification.version" value="12"/>
    <property name="sun.java.launcher" value="SUN_STANDARD"/>
    <property name="user.country" value="US"/>
    <property name="sun.boot.library.path" value="C:\Program Files\Java\jdk-12.0.1\bin"/>
    <property name="sun.java.command" value="C:\Users\saurabh.chauhan\AppData\Local\Temp\surefire3541698320968824498\surefirebooter1132694015729483717.jar C:\Users\saurabh.chauhan\AppData\Local\Temp\surefire3541698320968824498 2019-11-12T18-55-08_249-jvmRun1 surefire6334450005705592824tmp surefire_08953432947143711379tmp"/>
    <property name="jdk.debug" value="release"/>
    <property name="surefire.test.class.path" value="C:\Users\saurabh.chauhan\Project-Assessment\ToolsninjaAutomation\target\test-classes;C:\Users\saurabh.chauhan\Project-Assessment\ToolsninjaAutomation\target\classes;C:\Users\saurabh.chauhan\.m2\repository\log4j\log4j\1.2.17\log4j-1.2.17.jar;C:\Users\saurabh.chauhan\.m2\repository\org\seleniumhq\selenium\selenium-java\3.141.59\selenium-java-3.141.59.jar;C:\Users\saurabh.chauhan\.m2\repository\org\seleniumhq\selenium\selenium-api\3.141.59\selenium-api-3.141.59.jar;C:\Users\saurabh.chauhan\.m2\repository\org\seleniumhq\selenium\selenium-chrome-driver\3.141.59\selenium-chrome-driver-3.141.59.jar;C:\Users\saurabh.chauhan\.m2\repository\org\seleniumhq\selenium\selenium-edge-driver\3.141.59\selenium-edge-driver-3.141.59.jar;C:\Users\saurabh.chauhan\.m2\repository\org\seleniumhq\selenium\selenium-firefox-driver\3.141.59\selenium-firefox-driver-3.141.59.jar;C:\Users\saurabh.chauhan\.m2\repository\org\seleniumhq\selenium\selenium-ie-driver\3.141.59\selenium-ie-driver-3.141.59.jar;C:\Users\saurabh.chauhan\.m2\repository\org\seleniumhq\selenium\selenium-opera-driver\3.141.59\selenium-opera-driver-3.141.59.jar;C:\Users\saurabh.chauhan\.m2\repository\org\seleniumhq\selenium\selenium-safari-driver\3.141.59\selenium-safari-driver-3.141.59.jar;C:\Users\saurabh.chauhan\.m2\repository\org\seleniumhq\selenium\selenium-support\3.141.59\selenium-support-3.141.59.jar;C:\Users\saurabh.chauhan\.m2\repository\net\bytebuddy\byte-buddy\1.8.15\byte-buddy-1.8.15.jar;C:\Users\saurabh.chauhan\.m2\repository\org\apache\commons\commons-exec\1.3\commons-exec-1.3.jar;C:\Users\saurabh.chauhan\.m2\repository\com\google\guava\guava\25.0-jre\guava-25.0-jre.jar;C:\Users\saurabh.chauhan\.m2\repository\com\google\code\findbugs\jsr305\1.3.9\jsr305-1.3.9.jar;C:\Users\saurabh.chauhan\.m2\repository\org\checkerframework\checker-compat-qual\2.0.0\checker-compat-qual-2.0.0.jar;C:\Users\saurabh.chauhan\.m2\repository\com\google\errorprone\error_prone_annotations\2.1.3\error_prone_annotations-2.1.3.jar;C:\Users\saurabh.chauhan\.m2\repository\com\google\j2objc\j2objc-annotations\1.1\j2objc-annotations-1.1.jar;C:\Users\saurabh.chauhan\.m2\repository\org\codehaus\mojo\animal-sniffer-annotations\1.14\animal-sniffer-annotations-1.14.jar;C:\Users\saurabh.chauhan\.m2\repository\com\squareup\okhttp3\okhttp\3.11.0\okhttp-3.11.0.jar;C:\Users\saurabh.chauhan\.m2\repository\com\squareup\okio\okio\1.14.0\okio-1.14.0.jar;C:\Users\saurabh.chauhan\.m2\repository\org\testng\testng\6.14.3\testng-6.14.3.jar;C:\Users\saurabh.chauhan\.m2\repository\com\beust\jcommander\1.72\jcommander-1.72.jar;C:\Users\saurabh.chauhan\.m2\repository\org\apache-extras\beanshell\bsh\2.0b6\bsh-2.0b6.jar;C:\Users\saurabh.chauhan\.m2\repository\org\apache\poi\poi-ooxml\4.1.0\poi-ooxml-4.1.0.jar;C:\Users\saurabh.chauhan\.m2\repository\org\apache\poi\poi\4.1.0\poi-4.1.0.jar;C:\Users\saurabh.chauhan\.m2\repository\commons-codec\commons-codec\1.12\commons-codec-1.12.jar;C:\Users\saurabh.chauhan\.m2\repository\org\apache\commons\commons-collections4\4.3\commons-collections4-4.3.jar;C:\Users\saurabh.chauhan\.m2\repository\org\apache\commons\commons-math3\3.6.1\commons-math3-3.6.1.jar;C:\Users\saurabh.chauhan\.m2\repository\org\apache\poi\poi-ooxml-schemas\4.1.0\poi-ooxml-schemas-4.1.0.jar;C:\Users\saurabh.chauhan\.m2\repository\org\apache\xmlbeans\xmlbeans\3.1.0\xmlbeans-3.1.0.jar;C:\Users\saurabh.chauhan\.m2\repository\org\apache\commons\commons-compress\1.18\commons-compress-1.18.jar;C:\Users\saurabh.chauhan\.m2\repository\com\github\virtuald\curvesapi\1.06\curvesapi-1.06.jar;C:\Users\saurabh.chauhan\.m2\repository\com\relevantcodes\extentreports\2.41.2\extentreports-2.41.2.jar;C:\Users\saurabh.chauhan\.m2\repository\org\jsoup\jsoup\1.8.3\jsoup-1.8.3.jar;C:\Users\saurabh.chauhan\.m2\repository\org\xerial\sqlite-jdbc\3.8.11.1\sqlite-jdbc-3.8.11.1.jar;C:\Users\saurabh.chauhan\.m2\repository\org\freemarker\freemarker\2.3.23\freemarker-2.3.23.jar;C:\Users\saurabh.chauhan\.m2\repository\org\mongodb\mongodb-driver\3.0.4\mongodb-driver-3.0.4.jar;C:\Users\saurabh.chauhan\.m2\repository\org\mongodb\bson\3.0.4\bson-3.0.4.jar;C:\Users\saurabh.chauhan\.m2\repository\org\mongodb\mongodb-driver-core\3.0.4\mongodb-driver-core-3.0.4.jar;C:\Users\saurabh.chauhan\.m2\repository\commons-io\commons-io\2.4\commons-io-2.4.jar;C:\Users\saurabh.chauhan\.m2\repository\org\seleniumhq\selenium\selenium-remote-driver\3.141.59\selenium-remote-driver-3.141.59.jar;"/>
    <property name="sun.cpu.endian" value="little"/>
    <property name="user.home" value="C:\Users\saurabh.chauhan"/>
    <property name="user.language" value="en"/>
    <property name="java.specification.vendor" value="Oracle Corporation"/>
    <property name="java.version.date" value="2019-04-16"/>
    <property name="java.home" value="C:\Program Files\Java\jdk-12.0.1"/>
    <property name="file.separator" value="\"/>
    <property name="basedir" value="C:\Users\saurabh.chauhan\Project-Assessment\ToolsninjaAutomation"/>
    <property name="java.vm.compressedOopsMode" value="32-bit"/>
    <property name="line.separator" value="&#10;"/>
    <property name="java.vm.specification.vendor" value="Oracle Corporation"/>
    <property name="java.specification.name" value="Java Platform API Specification"/>
    <property name="java.awt.graphicsenv" value="sun.awt.Win32GraphicsEnvironment"/>
    <property name="surefire.real.class.path" value="C:\Users\saurabh.chauhan\AppData\Local\Temp\surefire3541698320968824498\surefirebooter1132694015729483717.jar"/>
    <property name="user.script" value=""/>
    <property name="sun.management.compiler" value="HotSpot 64-Bit Tiered Compilers"/>
    <property name="java.runtime.version" value="12.0.1+12"/>
    <property name="user.name" value="saurabh.chauhan"/>
    <property name="path.separator" value=";"/>
    <property name="os.version" value="10.0"/>
    <property name="java.runtime.name" value="Java(TM) SE Runtime Environment"/>
    <property name="file.encoding" value="Cp1252"/>
    <property name="java.vm.name" value="Java HotSpot(TM) 64-Bit Server VM"/>
    <property name="localRepository" value="C:\Users\saurabh.chauhan\.m2\repository"/>
    <property name="java.vendor.url.bug" value="https://bugreport.java.com/bugreport/"/>
    <property name="java.io.tmpdir" value="C:\Users\SAURAB~1.CHA\AppData\Local\Temp\"/>
    <property name="java.version" value="12.0.1"/>
    <property name="user.dir" value="C:\Users\saurabh.chauhan\Project-Assessment\ToolsninjaAutomation"/>
    <property name="os.arch" value="amd64"/>
    <property name="java.vm.specification.name" value="Java Virtual Machine Specification"/>
    <property name="sun.os.patch.level" value=""/>
    <property name="java.library.path" value="C:\Program Files\Java\jdk-12.0.1\bin;C:\Windows\Sun\Java\bin;C:\Windows\system32;C:\Windows;C:/Program Files/Java/jdk-12.0.1/bin/server;C:/Program Files/Java/jdk-12.0.1/bin;C:\Program Files (x86)\Common Files\Oracle\Java\javapath;C:\Windows\system32;C:\Windows;C:\Windows\System32\Wbem;C:\Windows\System32\WindowsPowerShell\v1.0\;C:\Windows\System32\OpenSSH\;C:\Program Files\Git\cmd;C:\Program Files\Microsoft SQL Server\Client SDK\ODBC\130\Tools\Binn\;C:\Program Files (x86)\Microsoft SQL Server\140\Tools\Binn\;C:\Program Files\Microsoft SQL Server\140\Tools\Binn\;C:\Program Files\Microsoft SQL Server\140\DTS\Binn\;C:\Program Files (x86)\Microsoft SQL Server\150\DTS\Binn\;C:\Program Files\Java\jdk-12.0.1\bin;C:\apache-maven-3.6.1\bin;%JAVA_HOME%\bin;C:\Program Files\MySQL\MySQL Shell 8.0\bin\;C:\Users\saurabh.chauhan\Desktop;;."/>
    <property name="java.vm.info" value="mixed mode, sharing"/>
    <property name="java.vendor" value="Oracle Corporation"/>
    <property name="java.vm.version" value="12.0.1+12"/>
    <property name="sun.io.unicode.encoding" value="UnicodeLittle"/>
    <property name="java.class.version" value="56.0"/>
  </properties>
  <testcase name="validateTitles" classname="com.atmecs.ToolsninjaAutomation.testScripts.HeatClinicTestScripts" time="9.681"/>
  <testcase name="selectGenderClothing" classname="com.atmecs.ToolsninjaAutomation.testScripts.HeatClinicTestScripts" time="3.991"/>
  <testcase name="validateMensClothing" classname="com.atmecs.ToolsninjaAutomation.testScripts.HeatClinicTestScripts" time="0.262"/>
  <testcase name="chooseShirt" classname="com.atmecs.ToolsninjaAutomation.testScripts.HeatClinicTestScripts" time="19.617"/>
  <testcase name="validateCart" classname="com.atmecs.ToolsninjaAutomation.testScripts.HeatClinicTestScripts" time="1.921"/>
  <testcase name="validateUpdatedGrandTotal" classname="com.atmecs.ToolsninjaAutomation.testScripts.HeatClinicTestScripts" time="4.203"/>
  <testcase name="homePageRedirection" classname="com.atmecs.ToolsninjaAutomation.testScripts.NinjaStoreTestScripts" time="0.059"/>
  <testcase name="searchProductAndCheckAvailability" classname="com.atmecs.ToolsninjaAutomation.testScripts.NinjaStoreTestScripts" time="16.396"/>
  <testcase name="validateGrandTotal" classname="com.atmecs.ToolsninjaAutomation.testScripts.NinjaStoreTestScripts" time="10.88"/>
  <testcase name="checkGrandTotal" classname="com.atmecs.ToolsninjaAutomation.testScripts.NinjaStoreTestScripts" time="0.349">
    <failure message="grandtotal is not correct expected [$3,852.40] but found [$2,773.60]" type="java.lang.AssertionError">java.lang.AssertionError: grandtotal is not correct expected [$3,852.40] but found [$2,773.60]
	at com.atmecs.ToolsninjaAutomation.testScripts.NinjaStoreTestScripts.checkGrandTotal(NinjaStoreTestScripts.java:115)
</failure>
  </testcase>
  <testcase name="validateGrandTotalAfterRemovingItem" classname="com.atmecs.ToolsninjaAutomation.testScripts.NinjaStoreTestScripts" time="2.858">
    <failure message="grandtotal is not correct expected [$3,606.00] but found [$2,404.00]" type="java.lang.AssertionError">java.lang.AssertionError: grandtotal is not correct expected [$3,606.00] but found [$2,404.00]
	at com.atmecs.ToolsninjaAutomation.testScripts.NinjaStoreTestScripts.validateGrandTotalAfterRemovingItem(NinjaStoreTestScripts.java:122)
</failure>
  </testcase>
  <testcase name="validateErrorMessage" classname="com.atmecs.ToolsninjaAutomation.testScripts.NinjaStoreTestScripts" time="7.833"/>
</testsuite>